<?xml version="1.0" encoding="UTF-8"?>
<!-- Generated by org.testng.reporters.JUnitXMLReporter -->
<testsuite ignored="0" hostname="DESKTOP-QI49BTU" failures="1" tests="1" name="Validating title" time="16.679" errors="0" timestamp="2021-07-18T01:49:05 UYT">
  <testcase classname="pageObjects.validateTitle" name="basePageNavigation" time="0.029">
    <failure type="java.lang.AssertionError" message="expected [Featured Courses123] but found [Featured Courses]">
      <![CDATA[java.lang.AssertionError: expected [Featured Courses123] but found [Featured Courses]
at pageObjects.validateTitle.basePageNavigation(validateTitle.java:43)
at java.base/java.util.ArrayList.forEach(ArrayList.java:1511)
... Removed 33 stack frames]]>
    </failure>
  </testcase> <!-- basePageNavigation -->
</testsuite> <!-- Validating title -->
