<?xml version="1.0" encoding="UTF-8"?>
<!-- Generated by org.testng.reporters.JUnitXMLReporter -->
<testsuite hostname="DESKTOP-QI49BTU" ignored="0" name="Validating title" tests="1" failures="1" timestamp="2021-07-18T01:53:24 UYT" time="14.343" errors="0">
  <testcase name="basePageNavigation" time="0.083" classname="pageObjects.validateTitle">
    <failure type="java.lang.AssertionError" message="expected [Featured Courses123] but found [Featured Courses]">
      <![CDATA[java.lang.AssertionError: expected [Featured Courses123] but found [Featured Courses]
at pageObjects.validateTitle.basePageNavigation(validateTitle.java:43)
at java.util.ArrayList.forEach(ArrayList.java:1249)
... Removed 37 stack frames]]>
    </failure>
  </testcase> <!-- basePageNavigation -->
</testsuite> <!-- Validating title -->
